# JRE version: OpenJDK Runtime Environment (8.0_242-b01) (build 1.8.0_242-release-1644-b01)
# Java VM: OpenJDK 64-Bit Server VM (25.242-b01 mixed mode windows-amd64 compressed oops)
Heap:
 PSYoungGen      total 262656K, used 81689K [0x00000000d5580000, 0x00000000eb780000, 0x0000000100000000)
  eden space 242176K, 33% used [0x00000000d5580000,0x00000000da5464f8,0x00000000e4200000)
  from space 20480K, 0% used [0x00000000e4200000,0x00000000e4200000,0x00000000e5600000)
  to   space 40448K, 0% used [0x00000000e9000000,0x00000000e9000000,0x00000000eb780000)
 ParOldGen       total 82432K, used 82088K [0x0000000080000000, 0x0000000085080000, 0x00000000d5580000)
  object space 82432K, 99% used [0x0000000080000000,0x000000008502a2e0,0x0000000085080000)
 Metaspace       used 83085K, capacity 86421K, committed 86784K, reserved 1128448K
  class space    used 10994K, capacity 11673K, committed 11776K, reserved 1048576K
GC Heap History (10 events):
Event: 56.779 GC heap before
{Heap before GC invocations=18 (full 3):
 PSYoungGen      total 192000K, used 12405K [0x00000000d5580000, 0x00000000e6b00000, 0x0000000100000000)
  eden space 175104K, 0% used [0x00000000d5580000,0x00000000d5580000,0x00000000e0080000)
  from space 16896K, 73% used [0x00000000e0080000,0x00000000e0c9d7a8,0x00000000e1100000)
  to   space 17920K, 0% used [0x00000000e5980000,0x00000000e5980000,0x00000000e6b00000)
 ParOldGen       total 44032K, used 30541K [0x0000000080000000, 0x0000000082b00000, 0x00000000d5580000)
  object space 44032K, 69% used [0x0000000080000000,0x0000000081dd3708,0x0000000082b00000)
 Metaspace       used 56709K, capacity 58984K, committed 59028K, reserved 1099776K
  class space    used 7707K, capacity 8179K, committed 8192K, reserved 1048576K
Event: 57.642 GC heap after
Heap after GC invocations=18 (full 3):
 PSYoungGen      total 192000K, used 0K [0x00000000d5580000, 0x00000000e6b00000, 0x0000000100000000)
  eden space 175104K, 0% used [0x00000000d5580000,0x00000000d5580000,0x00000000e0080000)
  from space 16896K, 0% used [0x00000000e0080000,0x00000000e0080000,0x00000000e1100000)
  to   space 17920K, 0% used [0x00000000e5980000,0x00000000e5980000,0x00000000e6b00000)
 ParOldGen       total 78336K, used 37199K [0x0000000080000000, 0x0000000084c80000, 0x00000000d5580000)
  object space 78336K, 47% used [0x0000000080000000,0x0000000082453c90,0x0000000084c80000)
 Metaspace       used 56704K, capacity 58966K, committed 59028K, reserved 1099776K
  class space    used 7705K, capacity 8176K, committed 8192K, reserved 1048576K
}
Event: 75.421 GC heap before
{Heap before GC invocations=19 (full 3):
 PSYoungGen      total 192000K, used 175103K [0x00000000d5580000, 0x00000000e6b00000, 0x0000000100000000)
  eden space 175104K, 99% used [0x00000000d5580000,0x00000000e007ffd8,0x00000000e0080000)
  from space 16896K, 0% used [0x00000000e0080000,0x00000000e0080000,0x00000000e1100000)
  to   space 17920K, 0% used [0x00000000e5980000,0x00000000e5980000,0x00000000e6b00000)
 ParOldGen       total 78336K, used 37199K [0x0000000080000000, 0x0000000084c80000, 0x00000000d5580000)
  object space 78336K, 47% used [0x0000000080000000,0x0000000082453c90,0x0000000084c80000)
 Metaspace       used 64634K, capacity 67542K, committed 67840K, reserved 1107968K
  class space    used 8858K, capacity 9400K, committed 9472K, reserved 1048576K
Event: 75.492 GC heap after
Heap after GC invocations=19 (full 3):
 PSYoungGen      total 249344K, used 16891K [0x00000000d5580000, 0x00000000e6a00000, 0x0000000100000000)
  eden space 232448K, 0% used [0x00000000d5580000,0x00000000d5580000,0x00000000e3880000)
  from space 16896K, 99% used [0x00000000e5980000,0x00000000e69feef0,0x00000000e6a00000)
  to   space 20480K, 0% used [0x00000000e4200000,0x00000000e4200000,0x00000000e5600000)
 ParOldGen       total 78336K, used 37207K [0x0000000080000000, 0x0000000084c80000, 0x00000000d5580000)
  object space 78336K, 47% used [0x0000000080000000,0x0000000082455c90,0x0000000084c80000)
 Metaspace       used 64634K, capacity 67542K, committed 67840K, reserved 1107968K
  class space    used 8858K, capacity 9400K, committed 9472K, reserved 1048576K
}
Event: 123.795 GC heap before
{Heap before GC invocations=20 (full 3):
 PSYoungGen      total 249344K, used 249339K [0x00000000d5580000, 0x00000000e6a00000, 0x0000000100000000)
  eden space 232448K, 100% used [0x00000000d5580000,0x00000000e3880000,0x00000000e3880000)
  from space 16896K, 99% used [0x00000000e5980000,0x00000000e69feef0,0x00000000e6a00000)
  to   space 20480K, 0% used [0x00000000e4200000,0x00000000e4200000,0x00000000e5600000)
 ParOldGen       total 78336K, used 37207K [0x0000000080000000, 0x0000000084c80000, 0x00000000d5580000)
  object space 78336K, 47% used [0x0000000080000000,0x0000000082455c90,0x0000000084c80000)
 Metaspace       used 77781K, capacity 81066K, committed 81408K, reserved 1120256K
  class space    used 10297K, capacity 10945K, committed 11008K, reserved 1048576K
Event: 124.696 GC heap after
Heap after GC invocations=20 (full 3):
 PSYoungGen      total 262656K, used 20457K [0x00000000d5580000, 0x00000000eb780000, 0x0000000100000000)
  eden space 242176K, 0% used [0x00000000d5580000,0x00000000d5580000,0x00000000e4200000)
  from space 20480K, 99% used [0x00000000e4200000,0x00000000e55fa600,0x00000000e5600000)
  to   space 40448K, 0% used [0x00000000e9000000,0x00000000e9000000,0x00000000eb780000)
 ParOldGen       total 82432K, used 81975K [0x0000000080000000, 0x0000000085080000, 0x00000000d5580000)
  object space 82432K, 99% used [0x0000000080000000,0x000000008500df80,0x0000000085080000)
 Metaspace       used 77781K, capacity 81066K, committed 81408K, reserved 1120256K
  class space    used 10297K, capacity 10945K, committed 11008K, reserved 1048576K
}
Event: 124.707 GC heap before
{Heap before GC invocations=21 (full 4):
 PSYoungGen      total 262656K, used 20457K [0x00000000d5580000, 0x00000000eb780000, 0x0000000100000000)
  eden space 242176K, 0% used [0x00000000d5580000,0x00000000d5580000,0x00000000e4200000)
  from space 20480K, 99% used [0x00000000e4200000,0x00000000e55fa600,0x00000000e5600000)
  to   space 40448K, 0% used [0x00000000e9000000,0x00000000e9000000,0x00000000eb780000)
 ParOldGen       total 82432K, used 81975K [0x0000000080000000, 0x0000000085080000, 0x00000000d5580000)
  object space 82432K, 99% used [0x0000000080000000,0x000000008500df80,0x0000000085080000)
 Metaspace       used 77781K, capacity 81066K, committed 81408K, reserved 1120256K
  class space    used 10297K, capacity 10945K, committed 11008K, reserved 1048576K
Event: 131.291 GC heap after
Heap after GC invocations=21 (full 4):
 PSYoungGen      total 262656K, used 13991K [0x00000000d5580000, 0x00000000eb780000, 0x0000000100000000)
  eden space 242176K, 0% used [0x00000000d5580000,0x00000000d5580000,0x00000000e4200000)
  from space 20480K, 68% used [0x00000000e4200000,0x00000000e4fa9e90,0x00000000e5600000)
  to   space 40448K, 0% used [0x00000000e9000000,0x00000000e9000000,0x00000000eb780000)
 ParOldGen       total 82432K, used 82400K [0x0000000080000000, 0x0000000085080000, 0x00000000d5580000)
  object space 82432K, 99% used [0x0000000080000000,0x0000000085078100,0x0000000085080000)
 Metaspace       used 77764K, capacity 81016K, committed 81408K, reserved 1120256K
  class space    used 10292K, capacity 10936K, committed 11008K, reserved 1048576K
}
Event: 139.173 GC heap before
{Heap before GC invocations=22 (full 5):
 PSYoungGen      total 262656K, used 73050K [0x00000000d5580000, 0x00000000eb780000, 0x0000000100000000)
  eden space 242176K, 24% used [0x00000000d5580000,0x00000000d8f2cbf8,0x00000000e4200000)
  from space 20480K, 68% used [0x00000000e4200000,0x00000000e4fa9e90,0x00000000e5600000)
  to   space 40448K, 0% used [0x00000000e9000000,0x00000000e9000000,0x00000000eb780000)
 ParOldGen       total 82432K, used 82400K [0x0000000080000000, 0x0000000085080000, 0x00000000d5580000)
  object space 82432K, 99% used [0x0000000080000000,0x0000000085078100,0x0000000085080000)
 Metaspace       used 81079K, capacity 84344K, committed 84736K, reserved 1126400K
  class space    used 10771K, capacity 11398K, committed 11520K, reserved 1048576K
Event: 140.912 GC heap after
Heap after GC invocations=22 (full 5):
 PSYoungGen      total 262656K, used 35527K [0x00000000d5580000, 0x00000000eb780000, 0x0000000100000000)
  eden space 242176K, 14% used [0x00000000d5580000,0x00000000d7831fc0,0x00000000e4200000)
  from space 20480K, 0% used [0x00000000e4200000,0x00000000e4200000,0x00000000e5600000)
  to   space 40448K, 0% used [0x00000000e9000000,0x00000000e9000000,0x00000000eb780000)
 ParOldGen       total 82432K, used 82088K [0x0000000080000000, 0x0000000085080000, 0x00000000d5580000)
  object space 82432K, 99% used [0x0000000080000000,0x000000008502a2e0,0x0000000085080000)
 Metaspace       used 81079K, capacity 84344K, committed 84736K, reserved 1124352K
  class space    used 10771K, capacity 11398K, committed 11520K, reserved 1048576K
}

