# JRE version: OpenJDK Runtime Environment (8.0_242-b01) (build 1.8.0_242-release-1644-b01)
# Java VM: OpenJDK 64-Bit Server VM (25.242-b01 mixed mode windows-amd64 compressed oops)
Heap:
 PSYoungGen      total 268288K, used 47170K [0x00000000d5580000, 0x00000000eb280000, 0x0000000100000000)
  eden space 218112K, 21% used [0x00000000d5580000,0x00000000d83909d0,0x00000000e2a80000)
  from space 50176K, 0% used [0x00000000e2a80000,0x00000000e2a80000,0x00000000e5b80000)
  to   space 49664K, 0% used [0x00000000e8200000,0x00000000e8200000,0x00000000eb280000)
 ParOldGen       total 181760K, used 95152K [0x0000000080000000, 0x000000008b180000, 0x00000000d5580000)
  object space 181760K, 52% used [0x0000000080000000,0x0000000085cec0e8,0x000000008b180000)
 Metaspace       used 139426K, capacity 144901K, committed 146688K, reserved 1177600K
  class space    used 17766K, capacity 18828K, committed 18944K, reserved 1048576K
GC Heap History (10 events):
Event: 244.711 GC heap before
{Heap before GC invocations=34 (full 4):
 PSYoungGen      total 213504K, used 213495K [0x00000000d5580000, 0x00000000e7200000, 0x0000000100000000)
  eden space 176640K, 100% used [0x00000000d5580000,0x00000000e0200000,0x00000000e0200000)
  from space 36864K, 99% used [0x00000000e0200000,0x00000000e25fdd98,0x00000000e2600000)
  to   space 50176K, 0% used [0x00000000e4100000,0x00000000e4100000,0x00000000e7200000)
 ParOldGen       total 155648K, used 113517K [0x0000000080000000, 0x0000000089800000, 0x00000000d5580000)
  object space 155648K, 72% used [0x0000000080000000,0x0000000086edb508,0x0000000089800000)
 Metaspace       used 135365K, capacity 140297K, committed 140544K, reserved 1171456K
  class space    used 17170K, capacity 18156K, committed 18176K, reserved 1048576K
Event: 245.334 GC heap after
Heap after GC invocations=34 (full 4):
 PSYoungGen      total 241152K, used 26796K [0x00000000d5580000, 0x00000000e7380000, 0x0000000100000000)
  eden space 190976K, 0% used [0x00000000d5580000,0x00000000d5580000,0x00000000e1000000)
  from space 50176K, 53% used [0x00000000e4100000,0x00000000e5b2b340,0x00000000e7200000)
  to   space 50176K, 0% used [0x00000000e1000000,0x00000000e1000000,0x00000000e4100000)
 ParOldGen       total 155648K, used 127211K [0x0000000080000000, 0x0000000089800000, 0x00000000d5580000)
  object space 155648K, 81% used [0x0000000080000000,0x0000000087c3ac20,0x0000000089800000)
 Metaspace       used 135365K, capacity 140297K, committed 140544K, reserved 1171456K
  class space    used 17170K, capacity 18156K, committed 18176K, reserved 1048576K
}
Event: 257.092 GC heap before
{Heap before GC invocations=35 (full 4):
 PSYoungGen      total 241152K, used 217772K [0x00000000d5580000, 0x00000000e7380000, 0x0000000100000000)
  eden space 190976K, 100% used [0x00000000d5580000,0x00000000e1000000,0x00000000e1000000)
  from space 50176K, 53% used [0x00000000e4100000,0x00000000e5b2b340,0x00000000e7200000)
  to   space 50176K, 0% used [0x00000000e1000000,0x00000000e1000000,0x00000000e4100000)
 ParOldGen       total 155648K, used 127211K [0x0000000080000000, 0x0000000089800000, 0x00000000d5580000)
  object space 155648K, 81% used [0x0000000080000000,0x0000000087c3ac20,0x0000000089800000)
 Metaspace       used 140450K, capacity 146031K, committed 146176K, reserved 1177600K
  class space    used 17813K, capacity 18921K, committed 18944K, reserved 1048576K
Event: 257.988 GC heap after
Heap after GC invocations=35 (full 4):
 PSYoungGen      total 241152K, used 30715K [0x00000000d5580000, 0x00000000e8d80000, 0x0000000100000000)
  eden space 190976K, 0% used [0x00000000d5580000,0x00000000d5580000,0x00000000e1000000)
  from space 50176K, 61% used [0x00000000e1000000,0x00000000e2dfed78,0x00000000e4100000)
  to   space 51200K, 0% used [0x00000000e5b80000,0x00000000e5b80000,0x00000000e8d80000)
 ParOldGen       total 155648K, used 127219K [0x0000000080000000, 0x0000000089800000, 0x00000000d5580000)
  object space 155648K, 81% used [0x0000000080000000,0x0000000087c3cc20,0x0000000089800000)
 Metaspace       used 140450K, capacity 146031K, committed 146176K, reserved 1177600K
  class space    used 17813K, capacity 18921K, committed 18944K, reserved 1048576K
}
Event: 269.029 GC heap before
{Heap before GC invocations=36 (full 4):
 PSYoungGen      total 241152K, used 221691K [0x00000000d5580000, 0x00000000e8d80000, 0x0000000100000000)
  eden space 190976K, 100% used [0x00000000d5580000,0x00000000e1000000,0x00000000e1000000)
  from space 50176K, 61% used [0x00000000e1000000,0x00000000e2dfed78,0x00000000e4100000)
  to   space 51200K, 0% used [0x00000000e5b80000,0x00000000e5b80000,0x00000000e8d80000)
 ParOldGen       total 155648K, used 127219K [0x0000000080000000, 0x0000000089800000, 0x00000000d5580000)
  object space 155648K, 81% used [0x0000000080000000,0x0000000087c3cc20,0x0000000089800000)
 Metaspace       used 140642K, capacity 146253K, committed 146432K, reserved 1177600K
  class space    used 17828K, capacity 18926K, committed 18944K, reserved 1048576K
Event: 271.374 GC heap after
Heap after GC invocations=36 (full 4):
 PSYoungGen      total 269312K, used 26031K [0x00000000d5580000, 0x00000000e9680000, 0x0000000100000000)
  eden space 218112K, 0% used [0x00000000d5580000,0x00000000d5580000,0x00000000e2a80000)
  from space 51200K, 50% used [0x00000000e5b80000,0x00000000e74ebc40,0x00000000e8d80000)
  to   space 50176K, 0% used [0x00000000e2a80000,0x00000000e2a80000,0x00000000e5b80000)
 ParOldGen       total 155648K, used 127227K [0x0000000080000000, 0x0000000089800000, 0x00000000d5580000)
  object space 155648K, 81% used [0x0000000080000000,0x0000000087c3ec20,0x0000000089800000)
 Metaspace       used 140642K, capacity 146253K, committed 146432K, reserved 1177600K
  class space    used 17828K, capacity 18926K, committed 18944K, reserved 1048576K
}
Event: 286.826 GC heap before
{Heap before GC invocations=37 (full 4):
 PSYoungGen      total 269312K, used 244143K [0x00000000d5580000, 0x00000000e9680000, 0x0000000100000000)
  eden space 218112K, 100% used [0x00000000d5580000,0x00000000e2a80000,0x00000000e2a80000)
  from space 51200K, 50% used [0x00000000e5b80000,0x00000000e74ebc40,0x00000000e8d80000)
  to   space 50176K, 0% used [0x00000000e2a80000,0x00000000e2a80000,0x00000000e5b80000)
 ParOldGen       total 155648K, used 127227K [0x0000000080000000, 0x0000000089800000, 0x00000000d5580000)
  object space 155648K, 81% used [0x0000000080000000,0x0000000087c3ec20,0x0000000089800000)
 Metaspace       used 140933K, capacity 146503K, committed 146688K, reserved 1177600K
  class space    used 17837K, capacity 18933K, committed 18944K, reserved 1048576K
Event: 289.907 GC heap after
Heap after GC invocations=37 (full 4):
 PSYoungGen      total 268288K, used 8853K [0x00000000d5580000, 0x00000000eb280000, 0x0000000100000000)
  eden space 218112K, 0% used [0x00000000d5580000,0x00000000d5580000,0x00000000e2a80000)
  from space 50176K, 17% used [0x00000000e2a80000,0x00000000e3325748,0x00000000e5b80000)
  to   space 49664K, 0% used [0x00000000e8200000,0x00000000e8200000,0x00000000eb280000)
 ParOldGen       total 155648K, used 138605K [0x0000000080000000, 0x0000000089800000, 0x00000000d5580000)
  object space 155648K, 89% used [0x0000000080000000,0x000000008875b518,0x0000000089800000)
 Metaspace       used 140933K, capacity 146503K, committed 146688K, reserved 1177600K
  class space    used 17837K, capacity 18933K, committed 18944K, reserved 1048576K
}
Event: 289.908 GC heap before
{Heap before GC invocations=38 (full 5):
 PSYoungGen      total 268288K, used 8853K [0x00000000d5580000, 0x00000000eb280000, 0x0000000100000000)
  eden space 218112K, 0% used [0x00000000d5580000,0x00000000d5580000,0x00000000e2a80000)
  from space 50176K, 17% used [0x00000000e2a80000,0x00000000e3325748,0x00000000e5b80000)
  to   space 49664K, 0% used [0x00000000e8200000,0x00000000e8200000,0x00000000eb280000)
 ParOldGen       total 155648K, used 138605K [0x0000000080000000, 0x0000000089800000, 0x00000000d5580000)
  object space 155648K, 89% used [0x0000000080000000,0x000000008875b518,0x0000000089800000)
 Metaspace       used 140933K, capacity 146503K, committed 146688K, reserved 1177600K
  class space    used 17837K, capacity 18933K, committed 18944K, reserved 1048576K
Event: 307.318 GC heap after
Heap after GC invocations=38 (full 5):
 PSYoungGen      total 268288K, used 0K [0x00000000d5580000, 0x00000000eb280000, 0x0000000100000000)
  eden space 218112K, 0% used [0x00000000d5580000,0x00000000d5580000,0x00000000e2a80000)
  from space 50176K, 0% used [0x00000000e2a80000,0x00000000e2a80000,0x00000000e5b80000)
  to   space 49664K, 0% used [0x00000000e8200000,0x00000000e8200000,0x00000000eb280000)
 ParOldGen       total 181760K, used 95152K [0x0000000080000000, 0x000000008b180000, 0x00000000d5580000)
  object space 181760K, 52% used [0x0000000080000000,0x0000000085cec0e8,0x000000008b180000)
 Metaspace       used 139384K, capacity 144861K, committed 146688K, reserved 1177600K
  class space    used 17754K, capacity 18818K, committed 18944K, reserved 1048576K
}

