# JRE version: OpenJDK Runtime Environment (8.0_242-b01) (build 1.8.0_242-release-1644-b01)
# Java VM: OpenJDK 64-Bit Server VM (25.242-b01 mixed mode windows-amd64 compressed oops)
Heap:
 PSYoungGen      total 221184K, used 95321K [0x00000000d5580000, 0x00000000e3a80000, 0x0000000100000000)
  eden space 207872K, 39% used [0x00000000d5580000,0x00000000da5981d8,0x00000000e2080000)
  from space 13312K, 99% used [0x00000000e2080000,0x00000000e2d7e2e0,0x00000000e2d80000)
  to   space 9216K, 0% used [0x00000000e3180000,0x00000000e3180000,0x00000000e3a80000)
 ParOldGen       total 55296K, used 20671K [0x0000000080000000, 0x0000000083600000, 0x00000000d5580000)
  object space 55296K, 37% used [0x0000000080000000,0x000000008142fc70,0x0000000083600000)
 Metaspace       used 51079K, capacity 53166K, committed 53376K, reserved 1095680K
  class space    used 6812K, capacity 7248K, committed 7296K, reserved 1048576K
GC Heap History (10 events):
Event: 67.634 GC heap before
{Heap before GC invocations=7 (full 1):
 PSYoungGen      total 139776K, used 6624K [0x00000000d5580000, 0x00000000de880000, 0x0000000100000000)
  eden space 130560K, 0% used [0x00000000d5580000,0x00000000d5580000,0x00000000dd500000)
  from space 9216K, 71% used [0x00000000dde80000,0x00000000de4f81f0,0x00000000de780000)
  to   space 9728K, 0% used [0x00000000dd500000,0x00000000dd500000,0x00000000dde80000)
 ParOldGen       total 44032K, used 11648K [0x0000000080000000, 0x0000000082b00000, 0x00000000d5580000)
  object space 44032K, 26% used [0x0000000080000000,0x0000000080b60068,0x0000000082b00000)
 Metaspace       used 20511K, capacity 21204K, committed 21248K, reserved 1067008K
  class space    used 2848K, capacity 3048K, committed 3072K, reserved 1048576K
Event: 68.352 GC heap after
Heap after GC invocations=7 (full 1):
 PSYoungGen      total 139776K, used 0K [0x00000000d5580000, 0x00000000de880000, 0x0000000100000000)
  eden space 130560K, 0% used [0x00000000d5580000,0x00000000d5580000,0x00000000dd500000)
  from space 9216K, 0% used [0x00000000dde80000,0x00000000dde80000,0x00000000de780000)
  to   space 9728K, 0% used [0x00000000dd500000,0x00000000dd500000,0x00000000dde80000)
 ParOldGen       total 44544K, used 15743K [0x0000000080000000, 0x0000000082b80000, 0x00000000d5580000)
  object space 44544K, 35% used [0x0000000080000000,0x0000000080f5fcc8,0x0000000082b80000)
 Metaspace       used 20511K, capacity 21204K, committed 21248K, reserved 1067008K
  class space    used 2848K, capacity 3048K, committed 3072K, reserved 1048576K
}
Event: 87.632 GC heap before
{Heap before GC invocations=8 (full 1):
 PSYoungGen      total 139776K, used 130560K [0x00000000d5580000, 0x00000000de880000, 0x0000000100000000)
  eden space 130560K, 100% used [0x00000000d5580000,0x00000000dd500000,0x00000000dd500000)
  from space 9216K, 0% used [0x00000000dde80000,0x00000000dde80000,0x00000000de780000)
  to   space 9728K, 0% used [0x00000000dd500000,0x00000000dd500000,0x00000000dde80000)
 ParOldGen       total 44544K, used 15743K [0x0000000080000000, 0x0000000082b80000, 0x00000000d5580000)
  object space 44544K, 35% used [0x0000000080000000,0x0000000080f5fcc8,0x0000000082b80000)
 Metaspace       used 32797K, capacity 33904K, committed 34176K, reserved 1079296K
  class space    used 4458K, capacity 4722K, committed 4736K, reserved 1048576K
Event: 87.836 GC heap after
Heap after GC invocations=8 (full 1):
 PSYoungGen      total 140288K, used 9696K [0x00000000d5580000, 0x00000000e3e80000, 0x0000000100000000)
  eden space 130560K, 0% used [0x00000000d5580000,0x00000000d5580000,0x00000000dd500000)
  from space 9728K, 99% used [0x00000000dd500000,0x00000000dde78048,0x00000000dde80000)
  to   space 13312K, 0% used [0x00000000e3180000,0x00000000e3180000,0x00000000e3e80000)
 ParOldGen       total 44544K, used 19958K [0x0000000080000000, 0x0000000082b80000, 0x00000000d5580000)
  object space 44544K, 44% used [0x0000000080000000,0x000000008137dbb8,0x0000000082b80000)
 Metaspace       used 32797K, capacity 33904K, committed 34176K, reserved 1079296K
  class space    used 4458K, capacity 4722K, committed 4736K, reserved 1048576K
}
Event: 90.214 GC heap before
{Heap before GC invocations=9 (full 1):
 PSYoungGen      total 140288K, used 41552K [0x00000000d5580000, 0x00000000e3e80000, 0x0000000100000000)
  eden space 130560K, 24% used [0x00000000d5580000,0x00000000d749c1e8,0x00000000dd500000)
  from space 9728K, 99% used [0x00000000dd500000,0x00000000dde78048,0x00000000dde80000)
  to   space 13312K, 0% used [0x00000000e3180000,0x00000000e3180000,0x00000000e3e80000)
 ParOldGen       total 44544K, used 19958K [0x0000000080000000, 0x0000000082b80000, 0x00000000d5580000)
  object space 44544K, 44% used [0x0000000080000000,0x000000008137dbb8,0x0000000082b80000)
 Metaspace       used 34250K, capacity 35392K, committed 35416K, reserved 1079296K
  class space    used 4699K, capacity 4973K, committed 4992K, reserved 1048576K
Event: 90.235 GC heap after
Heap after GC invocations=9 (full 1):
 PSYoungGen      total 217088K, used 8069K [0x00000000d5580000, 0x00000000e3a80000, 0x0000000100000000)
  eden space 207872K, 0% used [0x00000000d5580000,0x00000000d5580000,0x00000000e2080000)
  from space 9216K, 87% used [0x00000000e3180000,0x00000000e3961680,0x00000000e3a80000)
  to   space 13312K, 0% used [0x00000000e2080000,0x00000000e2080000,0x00000000e2d80000)
 ParOldGen       total 44544K, used 19966K [0x0000000080000000, 0x0000000082b80000, 0x00000000d5580000)
  object space 44544K, 44% used [0x0000000080000000,0x000000008137fbb8,0x0000000082b80000)
 Metaspace       used 34250K, capacity 35392K, committed 35416K, reserved 1079296K
  class space    used 4699K, capacity 4973K, committed 4992K, reserved 1048576K
}
Event: 90.235 GC heap before
{Heap before GC invocations=10 (full 2):
 PSYoungGen      total 217088K, used 8069K [0x00000000d5580000, 0x00000000e3a80000, 0x0000000100000000)
  eden space 207872K, 0% used [0x00000000d5580000,0x00000000d5580000,0x00000000e2080000)
  from space 9216K, 87% used [0x00000000e3180000,0x00000000e3961680,0x00000000e3a80000)
  to   space 13312K, 0% used [0x00000000e2080000,0x00000000e2080000,0x00000000e2d80000)
 ParOldGen       total 44544K, used 19966K [0x0000000080000000, 0x0000000082b80000, 0x00000000d5580000)
  object space 44544K, 44% used [0x0000000080000000,0x000000008137fbb8,0x0000000082b80000)
 Metaspace       used 34250K, capacity 35392K, committed 35416K, reserved 1079296K
  class space    used 4699K, capacity 4973K, committed 4992K, reserved 1048576K
Event: 90.641 GC heap after
Heap after GC invocations=10 (full 2):
 PSYoungGen      total 217088K, used 0K [0x00000000d5580000, 0x00000000e3a80000, 0x0000000100000000)
  eden space 207872K, 0% used [0x00000000d5580000,0x00000000d5580000,0x00000000e2080000)
  from space 9216K, 0% used [0x00000000e3180000,0x00000000e3180000,0x00000000e3a80000)
  to   space 13312K, 0% used [0x00000000e2080000,0x00000000e2080000,0x00000000e2d80000)
 ParOldGen       total 55296K, used 14701K [0x0000000080000000, 0x0000000083600000, 0x00000000d5580000)
  object space 55296K, 26% used [0x0000000080000000,0x0000000080e5b510,0x0000000083600000)
 Metaspace       used 34250K, capacity 35392K, committed 35416K, reserved 1079296K
  class space    used 4699K, capacity 4973K, committed 4992K, reserved 1048576K
}
Event: 101.655 GC heap before
{Heap before GC invocations=11 (full 2):
 PSYoungGen      total 217088K, used 207872K [0x00000000d5580000, 0x00000000e3a80000, 0x0000000100000000)
  eden space 207872K, 100% used [0x00000000d5580000,0x00000000e2080000,0x00000000e2080000)
  from space 9216K, 0% used [0x00000000e3180000,0x00000000e3180000,0x00000000e3a80000)
  to   space 13312K, 0% used [0x00000000e2080000,0x00000000e2080000,0x00000000e2d80000)
 ParOldGen       total 55296K, used 14701K [0x0000000080000000, 0x0000000083600000, 0x00000000d5580000)
  object space 55296K, 26% used [0x0000000080000000,0x0000000080e5b510,0x0000000083600000)
 Metaspace       used 46415K, capacity 48200K, committed 48384K, reserved 1091584K
  class space    used 6257K, capacity 6609K, committed 6656K, reserved 1048576K
Event: 102.087 GC heap after
Heap after GC invocations=11 (full 2):
 PSYoungGen      total 221184K, used 13304K [0x00000000d5580000, 0x00000000e3a80000, 0x0000000100000000)
  eden space 207872K, 0% used [0x00000000d5580000,0x00000000d5580000,0x00000000e2080000)
  from space 13312K, 99% used [0x00000000e2080000,0x00000000e2d7e2e0,0x00000000e2d80000)
  to   space 9216K, 0% used [0x00000000e3180000,0x00000000e3180000,0x00000000e3a80000)
 ParOldGen       total 55296K, used 20671K [0x0000000080000000, 0x0000000083600000, 0x00000000d5580000)
  object space 55296K, 37% used [0x0000000080000000,0x000000008142fc70,0x0000000083600000)
 Metaspace       used 46415K, capacity 48200K, committed 48384K, reserved 1091584K
  class space    used 6257K, capacity 6609K, committed 6656K, reserved 1048576K
}

