# JRE version: OpenJDK Runtime Environment (8.0_242-b01) (build 1.8.0_242-release-1644-b01)
# Java VM: OpenJDK 64-Bit Server VM (25.242-b01 mixed mode windows-amd64 compressed oops)
Heap:
 PSYoungGen      total 235008K, used 149903K [0x00000000d5580000, 0x00000000e7800000, 0x0000000100000000)
  eden space 181248K, 71% used [0x00000000d5580000,0x00000000dd42af58,0x00000000e0680000)
  from space 53760K, 37% used [0x00000000e0680000,0x00000000e1a45360,0x00000000e3b00000)
  to   space 51200K, 0% used [0x00000000e4600000,0x00000000e4600000,0x00000000e7800000)
 ParOldGen       total 116736K, used 84550K [0x0000000080000000, 0x0000000087200000, 0x00000000d5580000)
  object space 116736K, 72% used [0x0000000080000000,0x00000000852919e0,0x0000000087200000)
 Metaspace       used 106584K, capacity 111434K, committed 111616K, reserved 1146880K
  class space    used 13894K, capacity 14797K, committed 14848K, reserved 1048576K
GC Heap History (10 events):
Event: 921.250 GC heap before
{Heap before GC invocations=23 (full 4):
 PSYoungGen      total 187904K, used 187873K [0x00000000d5580000, 0x00000000e3680000, 0x0000000100000000)
  eden space 167424K, 100% used [0x00000000d5580000,0x00000000df900000,0x00000000df900000)
  from space 20480K, 99% used [0x00000000e1500000,0x00000000e28f8418,0x00000000e2900000)
  to   space 28672K, 0% used [0x00000000df900000,0x00000000df900000,0x00000000e1500000)
 ParOldGen       total 104960K, used 56302K [0x0000000080000000, 0x0000000086680000, 0x00000000d5580000)
  object space 104960K, 53% used [0x0000000080000000,0x00000000836fb840,0x0000000086680000)
 Metaspace       used 88375K, capacity 91800K, committed 92032K, reserved 1128448K
  class space    used 11477K, capacity 12148K, committed 12160K, reserved 1048576K
Event: 921.760 GC heap after
Heap after GC invocations=23 (full 4):
 PSYoungGen      total 196096K, used 28671K [0x00000000d5580000, 0x00000000e7c00000, 0x0000000100000000)
  eden space 167424K, 0% used [0x00000000d5580000,0x00000000d5580000,0x00000000df900000)
  from space 28672K, 99% used [0x00000000df900000,0x00000000e14ffcb8,0x00000000e1500000)
  to   space 55808K, 0% used [0x00000000e4580000,0x00000000e4580000,0x00000000e7c00000)
 ParOldGen       total 116736K, used 116432K [0x0000000080000000, 0x0000000087200000, 0x00000000d5580000)
  object space 116736K, 99% used [0x0000000080000000,0x00000000871b40f0,0x0000000087200000)
 Metaspace       used 88375K, capacity 91800K, committed 92032K, reserved 1128448K
  class space    used 11477K, capacity 12148K, committed 12160K, reserved 1048576K
}
Event: 921.760 GC heap before
{Heap before GC invocations=24 (full 5):
 PSYoungGen      total 196096K, used 28671K [0x00000000d5580000, 0x00000000e7c00000, 0x0000000100000000)
  eden space 167424K, 0% used [0x00000000d5580000,0x00000000d5580000,0x00000000df900000)
  from space 28672K, 99% used [0x00000000df900000,0x00000000e14ffcb8,0x00000000e1500000)
  to   space 55808K, 0% used [0x00000000e4580000,0x00000000e4580000,0x00000000e7c00000)
 ParOldGen       total 116736K, used 116432K [0x0000000080000000, 0x0000000087200000, 0x00000000d5580000)
  object space 116736K, 99% used [0x0000000080000000,0x00000000871b40f0,0x0000000087200000)
 Metaspace       used 88375K, capacity 91800K, committed 92032K, reserved 1128448K
  class space    used 11477K, capacity 12148K, committed 12160K, reserved 1048576K
Event: 926.846 GC heap after
Heap after GC invocations=24 (full 5):
 PSYoungGen      total 196096K, used 17718K [0x00000000d5580000, 0x00000000e7c00000, 0x0000000100000000)
  eden space 167424K, 0% used [0x00000000d5580000,0x00000000d5580000,0x00000000df900000)
  from space 28672K, 61% used [0x00000000df900000,0x00000000e0a4da28,0x00000000e1500000)
  to   space 55808K, 0% used [0x00000000e4580000,0x00000000e4580000,0x00000000e7c00000)
 ParOldGen       total 116736K, used 116692K [0x0000000080000000, 0x0000000087200000, 0x00000000d5580000)
  object space 116736K, 99% used [0x0000000080000000,0x00000000871f5300,0x0000000087200000)
 Metaspace       used 88356K, capacity 91740K, committed 92032K, reserved 1128448K
  class space    used 11471K, capacity 12138K, committed 12160K, reserved 1048576K
}
Event: 935.479 GC heap before
{Heap before GC invocations=25 (full 6):
 PSYoungGen      total 196096K, used 185142K [0x00000000d5580000, 0x00000000e7c00000, 0x0000000100000000)
  eden space 167424K, 100% used [0x00000000d5580000,0x00000000df900000,0x00000000df900000)
  from space 28672K, 61% used [0x00000000df900000,0x00000000e0a4da28,0x00000000e1500000)
  to   space 55808K, 0% used [0x00000000e4580000,0x00000000e4580000,0x00000000e7c00000)
 ParOldGen       total 116736K, used 116692K [0x0000000080000000, 0x0000000087200000, 0x00000000d5580000)
  object space 116736K, 99% used [0x0000000080000000,0x00000000871f5300,0x0000000087200000)
 Metaspace       used 89849K, capacity 93348K, committed 93824K, reserved 1130496K
  class space    used 11625K, capacity 12296K, committed 12416K, reserved 1048576K
Event: 936.239 GC heap after
Heap after GC invocations=25 (full 6):
 PSYoungGen      total 196096K, used 0K [0x00000000d5580000, 0x00000000e7c00000, 0x0000000100000000)
  eden space 167424K, 0% used [0x00000000d5580000,0x00000000d5580000,0x00000000df900000)
  from space 28672K, 0% used [0x00000000df900000,0x00000000df900000,0x00000000e1500000)
  to   space 55808K, 0% used [0x00000000e4580000,0x00000000e4580000,0x00000000e7c00000)
 ParOldGen       total 116736K, used 84534K [0x0000000080000000, 0x0000000087200000, 0x00000000d5580000)
  object space 116736K, 72% used [0x0000000080000000,0x000000008528d9e0,0x0000000087200000)
 Metaspace       used 89849K, capacity 93348K, committed 93824K, reserved 1130496K
  class space    used 11625K, capacity 12296K, committed 12416K, reserved 1048576K
}
Event: 1420.474 GC heap before
{Heap before GC invocations=26 (full 6):
 PSYoungGen      total 196096K, used 167424K [0x00000000d5580000, 0x00000000e7c00000, 0x0000000100000000)
  eden space 167424K, 100% used [0x00000000d5580000,0x00000000df900000,0x00000000df900000)
  from space 28672K, 0% used [0x00000000df900000,0x00000000df900000,0x00000000e1500000)
  to   space 55808K, 0% used [0x00000000e4580000,0x00000000e4580000,0x00000000e7c00000)
 ParOldGen       total 116736K, used 84534K [0x0000000080000000, 0x0000000087200000, 0x00000000d5580000)
  object space 116736K, 72% used [0x0000000080000000,0x000000008528d9e0,0x0000000087200000)
 Metaspace       used 91596K, capacity 95280K, committed 95488K, reserved 1132544K
  class space    used 11776K, capacity 12458K, committed 12544K, reserved 1048576K
Event: 1421.067 GC heap after
Heap after GC invocations=26 (full 6):
 PSYoungGen      total 224256K, used 9115K [0x00000000d5580000, 0x00000000e6f80000, 0x0000000100000000)
  eden space 181248K, 0% used [0x00000000d5580000,0x00000000d5580000,0x00000000e0680000)
  from space 43008K, 21% used [0x00000000e4580000,0x00000000e4e66f60,0x00000000e6f80000)
  to   space 53760K, 0% used [0x00000000e0680000,0x00000000e0680000,0x00000000e3b00000)
 ParOldGen       total 116736K, used 84542K [0x0000000080000000, 0x0000000087200000, 0x00000000d5580000)
  object space 116736K, 72% used [0x0000000080000000,0x000000008528f9e0,0x0000000087200000)
 Metaspace       used 91596K, capacity 95280K, committed 95488K, reserved 1132544K
  class space    used 11776K, capacity 12458K, committed 12544K, reserved 1048576K
}
Event: 1441.665 GC heap before
{Heap before GC invocations=27 (full 6):
 PSYoungGen      total 224256K, used 190363K [0x00000000d5580000, 0x00000000e6f80000, 0x0000000100000000)
  eden space 181248K, 100% used [0x00000000d5580000,0x00000000e0680000,0x00000000e0680000)
  from space 43008K, 21% used [0x00000000e4580000,0x00000000e4e66f60,0x00000000e6f80000)
  to   space 53760K, 0% used [0x00000000e0680000,0x00000000e0680000,0x00000000e3b00000)
 ParOldGen       total 116736K, used 84542K [0x0000000080000000, 0x0000000087200000, 0x00000000d5580000)
  object space 116736K, 72% used [0x0000000080000000,0x000000008528f9e0,0x0000000087200000)
 Metaspace       used 101335K, capacity 105950K, committed 105984K, reserved 1140736K
  class space    used 13212K, capacity 14051K, committed 14080K, reserved 1048576K
Event: 1441.864 GC heap after
Heap after GC invocations=27 (full 6):
 PSYoungGen      total 235008K, used 20244K [0x00000000d5580000, 0x00000000e7800000, 0x0000000100000000)
  eden space 181248K, 0% used [0x00000000d5580000,0x00000000d5580000,0x00000000e0680000)
  from space 53760K, 37% used [0x00000000e0680000,0x00000000e1a45360,0x00000000e3b00000)
  to   space 51200K, 0% used [0x00000000e4600000,0x00000000e4600000,0x00000000e7800000)
 ParOldGen       total 116736K, used 84550K [0x0000000080000000, 0x0000000087200000, 0x00000000d5580000)
  object space 116736K, 72% used [0x0000000080000000,0x00000000852919e0,0x0000000087200000)
 Metaspace       used 101335K, capacity 105950K, committed 105984K, reserved 1140736K
  class space    used 13212K, capacity 14051K, committed 14080K, reserved 1048576K
}

