# JRE version: OpenJDK Runtime Environment (8.0_242-b01) (build 1.8.0_242-release-1644-b01)
# Java VM: OpenJDK 64-Bit Server VM (25.242-b01 mixed mode windows-amd64 compressed oops)
Heap:
 PSYoungGen      total 203776K, used 137615K [0x00000000d5580000, 0x00000000e5400000, 0x0000000100000000)
  eden space 169472K, 81% used [0x00000000d5580000,0x00000000ddbe3e80,0x00000000dfb00000)
  from space 34304K, 0% used [0x00000000e3280000,0x00000000e3280000,0x00000000e5400000)
  to   space 31744K, 0% used [0x00000000dfb00000,0x00000000dfb00000,0x00000000e1a00000)
 ParOldGen       total 142336K, used 92412K [0x0000000080000000, 0x0000000088b00000, 0x00000000d5580000)
  object space 142336K, 64% used [0x0000000080000000,0x0000000085a3f0f8,0x0000000088b00000)
 Metaspace       used 132473K, capacity 137659K, committed 137856K, reserved 1169408K
  class space    used 17243K, capacity 18281K, committed 18304K, reserved 1048576K
GC Heap History (10 events):
Event: 128.085 GC heap before
{Heap before GC invocations=28 (full 4):
 PSYoungGen      total 172032K, used 153086K [0x00000000d5580000, 0x00000000e4200000, 0x0000000100000000)
  eden space 141312K, 100% used [0x00000000d5580000,0x00000000ddf80000,0x00000000ddf80000)
  from space 30720K, 38% used [0x00000000ddf80000,0x00000000deaff820,0x00000000dfd80000)
  to   space 31744K, 0% used [0x00000000e2300000,0x00000000e2300000,0x00000000e4200000)
 ParOldGen       total 142336K, used 81055K [0x0000000080000000, 0x0000000088b00000, 0x00000000d5580000)
  object space 142336K, 56% used [0x0000000080000000,0x0000000084f27f10,0x0000000088b00000)
 Metaspace       used 87605K, capacity 91530K, committed 91648K, reserved 1128448K
  class space    used 11471K, capacity 12279K, committed 12288K, reserved 1048576K
Event: 128.135 GC heap after
Heap after GC invocations=28 (full 4):
 PSYoungGen      total 192000K, used 1243K [0x00000000d5580000, 0x00000000e3900000, 0x0000000100000000)
  eden space 169472K, 0% used [0x00000000d5580000,0x00000000d5580000,0x00000000dfb00000)
  from space 22528K, 5% used [0x00000000e2300000,0x00000000e2436e30,0x00000000e3900000)
  to   space 31744K, 0% used [0x00000000dfb00000,0x00000000dfb00000,0x00000000e1a00000)
 ParOldGen       total 142336K, used 83520K [0x0000000080000000, 0x0000000088b00000, 0x00000000d5580000)
  object space 142336K, 58% used [0x0000000080000000,0x0000000085190380,0x0000000088b00000)
 Metaspace       used 87605K, capacity 91530K, committed 91648K, reserved 1128448K
  class space    used 11471K, capacity 12279K, committed 12288K, reserved 1048576K
}
Event: 146.467 GC heap before
{Heap before GC invocations=29 (full 4):
 PSYoungGen      total 192000K, used 170715K [0x00000000d5580000, 0x00000000e3900000, 0x0000000100000000)
  eden space 169472K, 100% used [0x00000000d5580000,0x00000000dfb00000,0x00000000dfb00000)
  from space 22528K, 5% used [0x00000000e2300000,0x00000000e2436e30,0x00000000e3900000)
  to   space 31744K, 0% used [0x00000000dfb00000,0x00000000dfb00000,0x00000000e1a00000)
 ParOldGen       total 142336K, used 83520K [0x0000000080000000, 0x0000000088b00000, 0x00000000d5580000)
  object space 142336K, 58% used [0x0000000080000000,0x0000000085190380,0x0000000088b00000)
 Metaspace       used 99854K, capacity 104006K, committed 104192K, reserved 1140736K
  class space    used 12866K, capacity 13731K, committed 13824K, reserved 1048576K
Event: 146.545 GC heap after
Heap after GC invocations=29 (full 4):
 PSYoungGen      total 201216K, used 23938K [0x00000000d5580000, 0x00000000e5400000, 0x0000000100000000)
  eden space 169472K, 0% used [0x00000000d5580000,0x00000000d5580000,0x00000000dfb00000)
  from space 31744K, 75% used [0x00000000dfb00000,0x00000000e1260810,0x00000000e1a00000)
  to   space 34304K, 0% used [0x00000000e3280000,0x00000000e3280000,0x00000000e5400000)
 ParOldGen       total 142336K, used 83816K [0x0000000080000000, 0x0000000088b00000, 0x00000000d5580000)
  object space 142336K, 58% used [0x0000000080000000,0x00000000851da390,0x0000000088b00000)
 Metaspace       used 99854K, capacity 104006K, committed 104192K, reserved 1140736K
  class space    used 12866K, capacity 13731K, committed 13824K, reserved 1048576K
}
Event: 156.176 GC heap before
{Heap before GC invocations=30 (full 4):
 PSYoungGen      total 201216K, used 193410K [0x00000000d5580000, 0x00000000e5400000, 0x0000000100000000)
  eden space 169472K, 100% used [0x00000000d5580000,0x00000000dfb00000,0x00000000dfb00000)
  from space 31744K, 75% used [0x00000000dfb00000,0x00000000e1260810,0x00000000e1a00000)
  to   space 34304K, 0% used [0x00000000e3280000,0x00000000e3280000,0x00000000e5400000)
 ParOldGen       total 142336K, used 83816K [0x0000000080000000, 0x0000000088b00000, 0x00000000d5580000)
  object space 142336K, 58% used [0x0000000080000000,0x00000000851da390,0x0000000088b00000)
 Metaspace       used 117005K, capacity 121437K, committed 121728K, reserved 1155072K
  class space    used 15324K, capacity 16230K, committed 16256K, reserved 1048576K
Event: 156.882 GC heap after
Heap after GC invocations=30 (full 4):
 PSYoungGen      total 203776K, used 34280K [0x00000000d5580000, 0x00000000e5400000, 0x0000000100000000)
  eden space 169472K, 0% used [0x00000000d5580000,0x00000000d5580000,0x00000000dfb00000)
  from space 34304K, 99% used [0x00000000e3280000,0x00000000e53fa048,0x00000000e5400000)
  to   space 31744K, 0% used [0x00000000dfb00000,0x00000000dfb00000,0x00000000e1a00000)
 ParOldGen       total 142336K, used 117344K [0x0000000080000000, 0x0000000088b00000, 0x00000000d5580000)
  object space 142336K, 82% used [0x0000000080000000,0x0000000087298220,0x0000000088b00000)
 Metaspace       used 117005K, capacity 121437K, committed 121728K, reserved 1155072K
  class space    used 15324K, capacity 16230K, committed 16256K, reserved 1048576K
}
Event: 156.883 GC heap before
{Heap before GC invocations=31 (full 5):
 PSYoungGen      total 203776K, used 34280K [0x00000000d5580000, 0x00000000e5400000, 0x0000000100000000)
  eden space 169472K, 0% used [0x00000000d5580000,0x00000000d5580000,0x00000000dfb00000)
  from space 34304K, 99% used [0x00000000e3280000,0x00000000e53fa048,0x00000000e5400000)
  to   space 31744K, 0% used [0x00000000dfb00000,0x00000000dfb00000,0x00000000e1a00000)
 ParOldGen       total 142336K, used 117344K [0x0000000080000000, 0x0000000088b00000, 0x00000000d5580000)
  object space 142336K, 82% used [0x0000000080000000,0x0000000087298220,0x0000000088b00000)
 Metaspace       used 117005K, capacity 121437K, committed 121728K, reserved 1155072K
  class space    used 15324K, capacity 16230K, committed 16256K, reserved 1048576K
Event: 160.500 GC heap after
Heap after GC invocations=31 (full 5):
 PSYoungGen      total 203776K, used 0K [0x00000000d5580000, 0x00000000e5400000, 0x0000000100000000)
  eden space 169472K, 0% used [0x00000000d5580000,0x00000000d5580000,0x00000000dfb00000)
  from space 34304K, 0% used [0x00000000e3280000,0x00000000e3280000,0x00000000e5400000)
  to   space 31744K, 0% used [0x00000000dfb00000,0x00000000dfb00000,0x00000000e1a00000)
 ParOldGen       total 142336K, used 126437K [0x0000000080000000, 0x0000000088b00000, 0x00000000d5580000)
  object space 142336K, 88% used [0x0000000080000000,0x0000000087b795c0,0x0000000088b00000)
 Metaspace       used 115469K, capacity 119845K, committed 121728K, reserved 1155072K
  class space    used 15247K, capacity 16126K, committed 16256K, reserved 1048576K
}
Event: 183.947 GC heap before
{Heap before GC invocations=32 (full 6):
 PSYoungGen      total 203776K, used 169472K [0x00000000d5580000, 0x00000000e5400000, 0x0000000100000000)
  eden space 169472K, 100% used [0x00000000d5580000,0x00000000dfb00000,0x00000000dfb00000)
  from space 34304K, 0% used [0x00000000e3280000,0x00000000e3280000,0x00000000e5400000)
  to   space 31744K, 0% used [0x00000000dfb00000,0x00000000dfb00000,0x00000000e1a00000)
 ParOldGen       total 142336K, used 126437K [0x0000000080000000, 0x0000000088b00000, 0x00000000d5580000)
  object space 142336K, 88% used [0x0000000080000000,0x0000000087b795c0,0x0000000088b00000)
 Metaspace       used 127788K, capacity 132437K, committed 132736K, reserved 1165312K
  class space    used 16489K, capacity 17434K, committed 17536K, reserved 1048576K
Event: 185.154 GC heap after
Heap after GC invocations=32 (full 6):
 PSYoungGen      total 203776K, used 0K [0x00000000d5580000, 0x00000000e5400000, 0x0000000100000000)
  eden space 169472K, 0% used [0x00000000d5580000,0x00000000d5580000,0x00000000dfb00000)
  from space 34304K, 0% used [0x00000000e3280000,0x00000000e3280000,0x00000000e5400000)
  to   space 31744K, 0% used [0x00000000dfb00000,0x00000000dfb00000,0x00000000e1a00000)
 ParOldGen       total 142336K, used 92412K [0x0000000080000000, 0x0000000088b00000, 0x00000000d5580000)
  object space 142336K, 64% used [0x0000000080000000,0x0000000085a3f0f8,0x0000000088b00000)
 Metaspace       used 127788K, capacity 132437K, committed 132736K, reserved 1165312K
  class space    used 16489K, capacity 17434K, committed 17536K, reserved 1048576K
}

